<?xml version="1.0" encoding="UTF-8"?>
<testng-results ignored="0" total="1" passed="1" failed="0" skipped="0">
  <reporter-output>
  </reporter-output>
  <suite started-at="2020-08-27T21:50:23 BST" name="Default suite" finished-at="2020-08-27T21:50:36 BST" duration-ms="12959">
    <groups>
    </groups>
    <test started-at="2020-08-27T21:50:23 BST" name="Default test" finished-at="2020-08-27T21:50:36 BST" duration-ms="12959">
      <class name="com.testing.TestRedBus">
        <test-method is-config="true" signature="initializeDriver()[pri:0, instance:com.testing.TestRedBus@4445629]" started-at="2020-08-27T21:50:23 BST" name="initializeDriver" finished-at="2020-08-27T21:50:29 BST" duration-ms="6112" status="PASS">
          <reporter-output>
          </reporter-output>
        </test-method> <!-- initializeDriver -->
        <test-method signature="browserInvoke()[pri:0, instance:com.testing.TestRedBus@4445629]" started-at="2020-08-27T21:50:29 BST" name="browserInvoke" finished-at="2020-08-27T21:50:36 BST" duration-ms="6806" status="PASS">
          <reporter-output>
          </reporter-output>
        </test-method> <!-- browserInvoke -->
        <test-method is-config="true" signature="tearDown()[pri:0, instance:com.testing.TestRedBus@4445629]" started-at="2020-08-27T21:50:36 BST" name="tearDown" finished-at="2020-08-27T21:50:36 BST" duration-ms="0" status="PASS">
          <reporter-output>
          </reporter-output>
        </test-method> <!-- tearDown -->
      </class> <!-- com.testing.TestRedBus -->
    </test> <!-- Default test -->
  </suite> <!-- Default suite -->
</testng-results>
